
> promptionary-1@0.1.0 dev
> vite


  VITE v5.4.19  ready in 124 ms

  ➜  Local:   http://localhost:5173/
  ➜  Network: http://192.168.1.169:5173/
10:26:11 PM [vite] hmr update /src/components/Layout.tsx
10:26:11 PM [vite] hmr update /src/components/Layout.tsx
10:26:13 PM [vite] hmr update /src/pages/GameRoom.tsx
10:26:16 PM [vite] hmr update /src/pages/Login.tsx
10:27:43 PM [vite] hmr update /src/components/GameLobby.tsx
10:27:49 PM [vite] hmr update /src/components/PromptophonePhase.tsx
10:27:49 PM [vite] hmr update /src/components/PromptophonePhase.tsx
10:29:04 PM [vite] hmr update /src/pages/GameRoom.tsx
10:30:06 PM [vite] hmr update /src/pages/JoinGame.tsx
10:31:18 PM [vite] hmr update /src/pages/Account.tsx
10:31:19 PM [vite] hmr update /src/pages/Dashboard.tsx
10:31:21 PM [vite] hmr update /src/pages/GameHistory.tsx
10:31:24 PM [vite] hmr update /src/pages/Scoreboard.tsx
10:32:02 PM [vite] hmr update /src/pages/Dashboard.tsx
10:33:42 PM [vite] hmr update /src/components/Layout.tsx
10:35:16 PM [vite] hmr update /src/App.tsx
10:37:27 PM [vite] hmr update /src/pages/Login.tsx
10:37:29 PM [vite] hmr update /src/pages/JoinGame.tsx
10:37:30 PM [vite] hmr update /src/pages/JoinGame.tsx
10:37:32 PM [vite] hmr update /src/pages/GameRoom.tsx
8:02:03 PM [vite] hmr update /src/components/PromptophonePhase.tsx
8:02:03 PM [vite] Internal server error: Failed to resolve import "../../shared/data/words" from "src/components/PromptophonePhase.tsx". Does the file exist?
  Plugin: vite:import-analysis
  File: /Users/jacobschmitz/Development/Promptionary/apps/frontend/src/components/PromptophonePhase.tsx:20:26
  33 |  } from "@chakra-ui/react";
  34 |  import { useGame } from "../context/GameContext";
  35 |  import { gameWords } from "../../shared/data/words";
     |                             ^
  36 |  import { API_URL } from "../utils/env";
  37 |  const ROUND_DURATION = 60;
      at TransformPluginContext._formatError (file:///Users/jacobschmitz/Development/Promptionary/apps/frontend/node_modules/vite/dist/node/chunks/dep-C6uTJdX2.js:49258:41)
      at TransformPluginContext.error (file:///Users/jacobschmitz/Development/Promptionary/apps/frontend/node_modules/vite/dist/node/chunks/dep-C6uTJdX2.js:49253:16)
      at normalizeUrl (file:///Users/jacobschmitz/Development/Promptionary/apps/frontend/node_modules/vite/dist/node/chunks/dep-C6uTJdX2.js:64291:23)
      at process.processTicksAndRejections (node:internal/process/task_queues:105:5)
      at async file:///Users/jacobschmitz/Development/Promptionary/apps/frontend/node_modules/vite/dist/node/chunks/dep-C6uTJdX2.js:64423:39
      at async Promise.all (index 6)
      at async TransformPluginContext.transform (file:///Users/jacobschmitz/Development/Promptionary/apps/frontend/node_modules/vite/dist/node/chunks/dep-C6uTJdX2.js:64350:7)
      at async PluginContainer.transform (file:///Users/jacobschmitz/Development/Promptionary/apps/frontend/node_modules/vite/dist/node/chunks/dep-C6uTJdX2.js:49099:18)
      at async loadAndTransform (file:///Users/jacobschmitz/Development/Promptionary/apps/frontend/node_modules/vite/dist/node/chunks/dep-C6uTJdX2.js:51977:27)
8:02:03 PM [vite] Internal server error: Failed to resolve import "../../shared/data/words" from "src/components/PromptophonePhase.tsx". Does the file exist?
  Plugin: vite:import-analysis
  File: /Users/jacobschmitz/Development/Promptionary/apps/frontend/src/components/PromptophonePhase.tsx:20:26
  33 |  } from "@chakra-ui/react";
  34 |  import { useGame } from "../context/GameContext";
  35 |  import { gameWords } from "../../shared/data/words";
     |                             ^
  36 |  import { API_URL } from "../utils/env";
  37 |  const ROUND_DURATION = 60;
      at TransformPluginContext._formatError (file:///Users/jacobschmitz/Development/Promptionary/apps/frontend/node_modules/vite/dist/node/chunks/dep-C6uTJdX2.js:49258:41)
      at TransformPluginContext.error (file:///Users/jacobschmitz/Development/Promptionary/apps/frontend/node_modules/vite/dist/node/chunks/dep-C6uTJdX2.js:49253:16)
      at normalizeUrl (file:///Users/jacobschmitz/Development/Promptionary/apps/frontend/node_modules/vite/dist/node/chunks/dep-C6uTJdX2.js:64291:23)
      at process.processTicksAndRejections (node:internal/process/task_queues:105:5)
      at async file:///Users/jacobschmitz/Development/Promptionary/apps/frontend/node_modules/vite/dist/node/chunks/dep-C6uTJdX2.js:64423:39
      at async Promise.all (index 6)
      at async TransformPluginContext.transform (file:///Users/jacobschmitz/Development/Promptionary/apps/frontend/node_modules/vite/dist/node/chunks/dep-C6uTJdX2.js:64350:7)
      at async PluginContainer.transform (file:///Users/jacobschmitz/Development/Promptionary/apps/frontend/node_modules/vite/dist/node/chunks/dep-C6uTJdX2.js:49099:18)
      at async loadAndTransform (file:///Users/jacobschmitz/Development/Promptionary/apps/frontend/node_modules/vite/dist/node/chunks/dep-C6uTJdX2.js:51977:27)
8:02:03 PM [vite] Internal server error: Failed to resolve import "../../shared/data/words" from "src/components/PromptophonePhase.tsx". Does the file exist?
  Plugin: vite:import-analysis
  File: /Users/jacobschmitz/Development/Promptionary/apps/frontend/src/components/PromptophonePhase.tsx:20:26
  33 |  } from "@chakra-ui/react";
  34 |  import { useGame } from "../context/GameContext";
  35 |  import { gameWords } from "../../shared/data/words";
     |                             ^
  36 |  import { API_URL } from "../utils/env";
  37 |  const ROUND_DURATION = 60;
      at TransformPluginContext._formatError (file:///Users/jacobschmitz/Development/Promptionary/apps/frontend/node_modules/vite/dist/node/chunks/dep-C6uTJdX2.js:49258:41)
      at TransformPluginContext.error (file:///Users/jacobschmitz/Development/Promptionary/apps/frontend/node_modules/vite/dist/node/chunks/dep-C6uTJdX2.js:49253:16)
      at normalizeUrl (file:///Users/jacobschmitz/Development/Promptionary/apps/frontend/node_modules/vite/dist/node/chunks/dep-C6uTJdX2.js:64291:23)
      at process.processTicksAndRejections (node:internal/process/task_queues:105:5)
      at async file:///Users/jacobschmitz/Development/Promptionary/apps/frontend/node_modules/vite/dist/node/chunks/dep-C6uTJdX2.js:64423:39
      at async Promise.all (index 6)
      at async TransformPluginContext.transform (file:///Users/jacobschmitz/Development/Promptionary/apps/frontend/node_modules/vite/dist/node/chunks/dep-C6uTJdX2.js:64350:7)
      at async PluginContainer.transform (file:///Users/jacobschmitz/Development/Promptionary/apps/frontend/node_modules/vite/dist/node/chunks/dep-C6uTJdX2.js:49099:18)
      at async loadAndTransform (file:///Users/jacobschmitz/Development/Promptionary/apps/frontend/node_modules/vite/dist/node/chunks/dep-C6uTJdX2.js:51977:27)
8:02:03 PM [vite] Internal server error: Failed to resolve import "../../shared/data/words" from "src/components/PromptophonePhase.tsx". Does the file exist?
  Plugin: vite:import-analysis
  File: /Users/jacobschmitz/Development/Promptionary/apps/frontend/src/components/PromptophonePhase.tsx:20:26
  33 |  } from "@chakra-ui/react";
  34 |  import { useGame } from "../context/GameContext";
  35 |  import { gameWords } from "../../shared/data/words";
     |                             ^
  36 |  import { API_URL } from "../utils/env";
  37 |  const ROUND_DURATION = 60;
      at TransformPluginContext._formatError (file:///Users/jacobschmitz/Development/Promptionary/apps/frontend/node_modules/vite/dist/node/chunks/dep-C6uTJdX2.js:49258:41)
      at TransformPluginContext.error (file:///Users/jacobschmitz/Development/Promptionary/apps/frontend/node_modules/vite/dist/node/chunks/dep-C6uTJdX2.js:49253:16)
      at normalizeUrl (file:///Users/jacobschmitz/Development/Promptionary/apps/frontend/node_modules/vite/dist/node/chunks/dep-C6uTJdX2.js:64291:23)
      at process.processTicksAndRejections (node:internal/process/task_queues:105:5)
      at async file:///Users/jacobschmitz/Development/Promptionary/apps/frontend/node_modules/vite/dist/node/chunks/dep-C6uTJdX2.js:64423:39
      at async Promise.all (index 6)
      at async TransformPluginContext.transform (file:///Users/jacobschmitz/Development/Promptionary/apps/frontend/node_modules/vite/dist/node/chunks/dep-C6uTJdX2.js:64350:7)
      at async PluginContainer.transform (file:///Users/jacobschmitz/Development/Promptionary/apps/frontend/node_modules/vite/dist/node/chunks/dep-C6uTJdX2.js:49099:18)
      at async loadAndTransform (file:///Users/jacobschmitz/Development/Promptionary/apps/frontend/node_modules/vite/dist/node/chunks/dep-C6uTJdX2.js:51977:27)
      at async viteTransformMiddleware (file:///Users/jacobschmitz/Development/Promptionary/apps/frontend/node_modules/vite/dist/node/chunks/dep-C6uTJdX2.js:62105:24)
8:03:35 PM [vite] hmr update /src/pages/GameRoom.tsx
8:03:35 PM [vite] Internal server error: Failed to resolve import "../../shared/data/words" from "src/components/PromptophonePhase.tsx". Does the file exist?
  Plugin: vite:import-analysis
  File: /Users/jacobschmitz/Development/Promptionary/apps/frontend/src/components/PromptophonePhase.tsx:20:26
  33 |  } from "@chakra-ui/react";
  34 |  import { useGame } from "../context/GameContext";
  35 |  import { gameWords } from "../../shared/data/words";
     |                             ^
  36 |  import { API_URL } from "../utils/env";
  37 |  const ROUND_DURATION = 60;
      at TransformPluginContext._formatError (file:///Users/jacobschmitz/Development/Promptionary/apps/frontend/node_modules/vite/dist/node/chunks/dep-C6uTJdX2.js:49258:41)
      at TransformPluginContext.error (file:///Users/jacobschmitz/Development/Promptionary/apps/frontend/node_modules/vite/dist/node/chunks/dep-C6uTJdX2.js:49253:16)
      at normalizeUrl (file:///Users/jacobschmitz/Development/Promptionary/apps/frontend/node_modules/vite/dist/node/chunks/dep-C6uTJdX2.js:64291:23)
      at process.processTicksAndRejections (node:internal/process/task_queues:105:5)
      at async file:///Users/jacobschmitz/Development/Promptionary/apps/frontend/node_modules/vite/dist/node/chunks/dep-C6uTJdX2.js:64423:39
      at async Promise.all (index 6)
      at async TransformPluginContext.transform (file:///Users/jacobschmitz/Development/Promptionary/apps/frontend/node_modules/vite/dist/node/chunks/dep-C6uTJdX2.js:64350:7)
      at async PluginContainer.transform (file:///Users/jacobschmitz/Development/Promptionary/apps/frontend/node_modules/vite/dist/node/chunks/dep-C6uTJdX2.js:49099:18)
      at async loadAndTransform (file:///Users/jacobschmitz/Development/Promptionary/apps/frontend/node_modules/vite/dist/node/chunks/dep-C6uTJdX2.js:51977:27)
8:03:35 PM [vite] Internal server error: Failed to resolve import "../../shared/data/words" from "src/components/PromptophonePhase.tsx". Does the file exist?
  Plugin: vite:import-analysis
  File: /Users/jacobschmitz/Development/Promptionary/apps/frontend/src/components/PromptophonePhase.tsx:20:26
  33 |  } from "@chakra-ui/react";
  34 |  import { useGame } from "../context/GameContext";
  35 |  import { gameWords } from "../../shared/data/words";
     |                             ^
  36 |  import { API_URL } from "../utils/env";
  37 |  const ROUND_DURATION = 60;
      at TransformPluginContext._formatError (file:///Users/jacobschmitz/Development/Promptionary/apps/frontend/node_modules/vite/dist/node/chunks/dep-C6uTJdX2.js:49258:41)
      at TransformPluginContext.error (file:///Users/jacobschmitz/Development/Promptionary/apps/frontend/node_modules/vite/dist/node/chunks/dep-C6uTJdX2.js:49253:16)
      at normalizeUrl (file:///Users/jacobschmitz/Development/Promptionary/apps/frontend/node_modules/vite/dist/node/chunks/dep-C6uTJdX2.js:64291:23)
      at process.processTicksAndRejections (node:internal/process/task_queues:105:5)
      at async file:///Users/jacobschmitz/Development/Promptionary/apps/frontend/node_modules/vite/dist/node/chunks/dep-C6uTJdX2.js:64423:39
      at async Promise.all (index 6)
      at async TransformPluginContext.transform (file:///Users/jacobschmitz/Development/Promptionary/apps/frontend/node_modules/vite/dist/node/chunks/dep-C6uTJdX2.js:64350:7)
      at async PluginContainer.transform (file:///Users/jacobschmitz/Development/Promptionary/apps/frontend/node_modules/vite/dist/node/chunks/dep-C6uTJdX2.js:49099:18)
      at async loadAndTransform (file:///Users/jacobschmitz/Development/Promptionary/apps/frontend/node_modules/vite/dist/node/chunks/dep-C6uTJdX2.js:51977:27)
8:03:35 PM [vite] Internal server error: Failed to resolve import "../../shared/data/words" from "src/components/PromptophonePhase.tsx". Does the file exist?
  Plugin: vite:import-analysis
  File: /Users/jacobschmitz/Development/Promptionary/apps/frontend/src/components/PromptophonePhase.tsx:20:26
  33 |  } from "@chakra-ui/react";
  34 |  import { useGame } from "../context/GameContext";
  35 |  import { gameWords } from "../../shared/data/words";
     |                             ^
  36 |  import { API_URL } from "../utils/env";
  37 |  const ROUND_DURATION = 60;
      at TransformPluginContext._formatError (file:///Users/jacobschmitz/Development/Promptionary/apps/frontend/node_modules/vite/dist/node/chunks/dep-C6uTJdX2.js:49258:41)
      at TransformPluginContext.error (file:///Users/jacobschmitz/Development/Promptionary/apps/frontend/node_modules/vite/dist/node/chunks/dep-C6uTJdX2.js:49253:16)
      at normalizeUrl (file:///Users/jacobschmitz/Development/Promptionary/apps/frontend/node_modules/vite/dist/node/chunks/dep-C6uTJdX2.js:64291:23)
      at process.processTicksAndRejections (node:internal/process/task_queues:105:5)
      at async file:///Users/jacobschmitz/Development/Promptionary/apps/frontend/node_modules/vite/dist/node/chunks/dep-C6uTJdX2.js:64423:39
      at async Promise.all (index 6)
      at async TransformPluginContext.transform (file:///Users/jacobschmitz/Development/Promptionary/apps/frontend/node_modules/vite/dist/node/chunks/dep-C6uTJdX2.js:64350:7)
      at async PluginContainer.transform (file:///Users/jacobschmitz/Development/Promptionary/apps/frontend/node_modules/vite/dist/node/chunks/dep-C6uTJdX2.js:49099:18)
      at async loadAndTransform (file:///Users/jacobschmitz/Development/Promptionary/apps/frontend/node_modules/vite/dist/node/chunks/dep-C6uTJdX2.js:51977:27)
8:03:35 PM [vite] Pre-transform error: Failed to resolve import "../../shared/data/words" from "src/components/PromptophonePhase.tsx". Does the file exist?
8:03:35 PM [vite] Internal server error: Failed to resolve import "../../shared/data/words" from "src/components/PromptophonePhase.tsx". Does the file exist?
  Plugin: vite:import-analysis
  File: /Users/jacobschmitz/Development/Promptionary/apps/frontend/src/components/PromptophonePhase.tsx:20:26
  33 |  } from "@chakra-ui/react";
  34 |  import { useGame } from "../context/GameContext";
  35 |  import { gameWords } from "../../shared/data/words";
     |                             ^
  36 |  import { API_URL } from "../utils/env";
  37 |  const ROUND_DURATION = 60;
      at TransformPluginContext._formatError (file:///Users/jacobschmitz/Development/Promptionary/apps/frontend/node_modules/vite/dist/node/chunks/dep-C6uTJdX2.js:49258:41)
      at TransformPluginContext.error (file:///Users/jacobschmitz/Development/Promptionary/apps/frontend/node_modules/vite/dist/node/chunks/dep-C6uTJdX2.js:49253:16)
      at normalizeUrl (file:///Users/jacobschmitz/Development/Promptionary/apps/frontend/node_modules/vite/dist/node/chunks/dep-C6uTJdX2.js:64291:23)
      at process.processTicksAndRejections (node:internal/process/task_queues:105:5)
      at async file:///Users/jacobschmitz/Development/Promptionary/apps/frontend/node_modules/vite/dist/node/chunks/dep-C6uTJdX2.js:64423:39
      at async Promise.all (index 6)
      at async TransformPluginContext.transform (file:///Users/jacobschmitz/Development/Promptionary/apps/frontend/node_modules/vite/dist/node/chunks/dep-C6uTJdX2.js:64350:7)
      at async PluginContainer.transform (file:///Users/jacobschmitz/Development/Promptionary/apps/frontend/node_modules/vite/dist/node/chunks/dep-C6uTJdX2.js:49099:18)
      at async loadAndTransform (file:///Users/jacobschmitz/Development/Promptionary/apps/frontend/node_modules/vite/dist/node/chunks/dep-C6uTJdX2.js:51977:27)
      at async viteTransformMiddleware (file:///Users/jacobschmitz/Development/Promptionary/apps/frontend/node_modules/vite/dist/node/chunks/dep-C6uTJdX2.js:62105:24)
8:03:35 PM [vite] Internal server error: Failed to resolve import "../../shared/data/words" from "src/components/PromptophonePhase.tsx". Does the file exist?
  Plugin: vite:import-analysis
  File: /Users/jacobschmitz/Development/Promptionary/apps/frontend/src/components/PromptophonePhase.tsx:20:26
  33 |  } from "@chakra-ui/react";
  34 |  import { useGame } from "../context/GameContext";
  35 |  import { gameWords } from "../../shared/data/words";
     |                             ^
  36 |  import { API_URL } from "../utils/env";
  37 |  const ROUND_DURATION = 60;
      at TransformPluginContext._formatError (file:///Users/jacobschmitz/Development/Promptionary/apps/frontend/node_modules/vite/dist/node/chunks/dep-C6uTJdX2.js:49258:41)
      at TransformPluginContext.error (file:///Users/jacobschmitz/Development/Promptionary/apps/frontend/node_modules/vite/dist/node/chunks/dep-C6uTJdX2.js:49253:16)
      at normalizeUrl (file:///Users/jacobschmitz/Development/Promptionary/apps/frontend/node_modules/vite/dist/node/chunks/dep-C6uTJdX2.js:64291:23)
      at process.processTicksAndRejections (node:internal/process/task_queues:105:5)
      at async file:///Users/jacobschmitz/Development/Promptionary/apps/frontend/node_modules/vite/dist/node/chunks/dep-C6uTJdX2.js:64423:39
      at async Promise.all (index 6)
      at async TransformPluginContext.transform (file:///Users/jacobschmitz/Development/Promptionary/apps/frontend/node_modules/vite/dist/node/chunks/dep-C6uTJdX2.js:64350:7)
      at async PluginContainer.transform (file:///Users/jacobschmitz/Development/Promptionary/apps/frontend/node_modules/vite/dist/node/chunks/dep-C6uTJdX2.js:49099:18)
      at async loadAndTransform (file:///Users/jacobschmitz/Development/Promptionary/apps/frontend/node_modules/vite/dist/node/chunks/dep-C6uTJdX2.js:51977:27)
      at async viteTransformMiddleware (file:///Users/jacobschmitz/Development/Promptionary/apps/frontend/node_modules/vite/dist/node/chunks/dep-C6uTJdX2.js:62105:24)
